<?xml version="1.0" encoding="UTF-8"?>
<testsuite xmlns:xsi="http://www.w3.org/2001/XMLSchema-instance" xsi:noNamespaceSchemaLocation="https://maven.apache.org/surefire/maven-surefire-plugin/xsd/surefire-test-report-3.0.xsd" version="3.0" name="com.sample.SampleApplicationTests" time="3.488" tests="1" errors="0" skipped="0" failures="0">
  <properties>
[...]
</properties>
  <testcase name="contextLoads" classname="com.sample.SampleApplicationTests" time="1.075">
    <system-out><![CDATA[20:07:56.389 [main] INFO org.springframework.test.context.support.AnnotationConfigContextLoaderUtils -- Could not detect default configuration classes for test class [com.sample.SampleApplicationTests]: SampleApplicationTests does not declare any static, non-private, non-final, nested classes annotated with @Configuration.
20:07:56.571 [main] INFO org.springframework.boot.test.context.SpringBootTestContextBootstrapper -- Found @SpringBootConfiguration com.sample.SampleApplication for test class com.sample.SampleApplicationTests

  .   ____          _            __ _ _
 /\\ / ___'_ __ _ _(_)_ __  __ _ \ \ \ \
( ( )\___ | '_ | '_| | '_ \/ _` | \ \ \ \
 \\/  ___)| |_)| | | | | || (_| |  ) ) ) )
  '  |____| .__|_| |_|_| |_\__, | / / / /
 =========|_|==============|___/=/_/_/_/
 :: Spring Boot ::                (v3.1.5)

2023-11-08T20:07:57.077+05:30  INFO 3296 --- [           main] com.sample.SampleApplicationTests        : Starting SampleApplicationTests using Java 17.0.6 with PID 3296 (started by amankumar10 in C:\Users\amankumar10\OneDrive - Nagarro\Desktop\sample\sample)
2023-11-08T20:07:57.078+05:30  INFO 3296 --- [           main] com.sample.SampleApplicationTests        : No active profile set, falling back to 1 default profile: "default"
2023-11-08T20:07:58.456+05:30  INFO 3296 --- [           main] com.sample.SampleApplicationTests        : Started SampleApplicationTests in 1.699 seconds (process running for 3.062)
]]></system-out>
  </testcase>
</testsuite>